piter@LAPTOP-EKHDG3UI:~/mk1-272348$ #Piotr Hernik 272348                                        
piter@LAPTOP-EKHDG3UI:~/mk1-272348$ svn export https://repo.cs.pwr.edu.pl/272348-dir/mk1/wspolbiezne/lista1                                                                      
Authentication realm: <https://repo.cs.pwr.edu.pl:443> Subversion Repository            
Password for '272348': ***                  

A    lista1                                 
A    lista1/ada                             
A    lista1/ada/tasks                       
A    lista1/zad5.go                         
A    lista1/ada/tasks/out                   
A    lista1/ada/tasks/out1                  
A    lista1/ada/tasks/out2                  
A    lista1/ada/tasks/out4                  
A    lista1/ada/tasks/random_seeds.adb      
A    lista1/ada/tasks/random_seeds.ads      
A    lista1/ada/tasks/random_seeds.ali      
A    lista1/ada/tasks/tasks.adb             
A    lista1/ada/tasks/tasks.gpr             
A    lista1/ada/tasks/tasks2.adb            
A    lista1/ada/tasks/tasks3.adb            
A    lista1/ada/tasks/tasks4.adb            
A    lista1/ada/tasks/tasks5.adb            
A    lista1/ada/tasks/tasks6.adb            
A    lista1/ada/tasks/tasks7.adb            
A    lista1/ada/tasks/travelers.adb         
A    lista1/ada/tasks/travelers.ali         
A    lista1/ada/tasks/zad2                  
A    lista1/ada/tasks/zad2.adb              
A    lista1/ada/tasks/zad2.ali              
A    lista1/ada/tasks/zad4                  
A    lista1/ada/tasks/zad4.adb              
A    lista1/ada/tasks/zad4.ali              
A    lista1/zad1.go                         
A    lista1/zad3.go                         
Exported revision 55.                       
piter@LAPTOP-EKHDG3UI:~/mk1-272348$ ls      
AISD  PW  TS  lista1  srodowisko  wspolbiezne                                           
piter@LAPTOP-EKHDG3UI:~/mk1-272348$ cd lista1                                           
piter@LAPTOP-EKHDG3UI:~/mk1-272348/lista1$ ls                                           
ada  zad1.go  zad3.go  zad5.go              
piter@LAPTOP-EKHDG3UI:~/mk1-272348/lista1$ go run zad1.go > out11                       
piter@LAPTOP-EKHDG3UI:~/mk1-272348/lista1$ go run zad1.go > out12                       
piter@LAPTOP-EKHDG3UI:~/mk1-272348/lista1$ go run zad1.go > out13                       
piter@LAPTOP-EKHDG3UI:~/mk1-272348/lista1$ shasum out11                                 
e3b7ab791a2fcb5a5702166e71a92f4d424d928b  out11                                         
piter@LAPTOP-EKHDG3UI:~/mk1-272348/lista1$ shasum out12                                 
35812d81ffdbe79c66d1ac62a9e8a307450e3a95  out12                                         
piter@LAPTOP-EKHDG3UI:~/mk1-272348/lista1$ shasum out13                                 
b6257d89908de3e351e9781686f7834f28da4bc2  out13                                         
piter@LAPTOP-EKHDG3UI:~/mk1-272348/lista1$ ls                                           
ada  out11  out12  out13  zad1.go  zad3.go  zad5.go                                     
piter@LAPTOP-EKHDG3UI:~/mk1-272348/lista1$ svn import out11 out12 out13 https://repo.cs.pwr.edu.pl/272348-dir/mk1/wspolbiezne/lista1                                             
svn: E205000: Try 'svn help import' for more information                                
svn: E205000: Too many arguments to import command                                      
piter@LAPTOP-EKHDG3UI:~/mk1-272348/lista1$ svn import out11 https://repo.cs.pwr.edu.pl/272348-dir/mk1/wspolbiezne/lista1                                                         

Log message unchanged or not specified      
(a)bort, (c)ontinue, (e)dit:                
c                                           
Authentication realm: <https://repo.cs.pwr.edu.pl:443> Subversion Repository            
Password for '272348': ***                  

svn: E145000: New entry name required when importing a file                             
piter@LAPTOP-EKHDG3UI:~/mk1-272348/lista1$ svn import out12 https://repo.cs.pwr.edu.pl/272348-dir/mk1/wspolbiezne/lista1                                                         

Log message unchanged or not specified      
(a)bort, (c)ontinue, (e)dit:                
c                                           
Authentication realm: <https://repo.cs.pwr.edu.pl:443> Subversion Repository            
Password for '272348': ***                  

svn: E145000: New entry name required when importing a file                             
piter@LAPTOP-EKHDG3UI:~/mk1-272348/lista1$ svn import out13 https://repo.cs.pwr.edu.pl/272348-dir/mk1/wspolbiezne/lista1                                                         

Log message unchanged or not specified      
(a)bort, (c)ontinue, (e)dit:                
c                                           
Authentication realm: <https://repo.cs.pwr.edu.pl:443> Subversion Repository            
Password for '272348': ***                  

svn: E145000: New entry name required when importing a file                             
piter@LAPTOP-EKHDG3UI:~/mk1-272348/lista1$ ls                                           
ada  out11  out12  out13  zad1.go  zad3.go  zad5.go                                     
piter@LAPTOP-EKHDG3UI:~/mk1-272348/lista1$ tmux capture-pane -p -S'-' -E'-' -J > zad1.log                                                                                        

