piter@LAPTOP-EKHDG3UI:~/mk1-272348$ #Piotr Hernik 272348                                
piter@LAPTOP-EKHDG3UI:~/mk1-272348$ svn export https://repo.cs.pwr.edu.pl/272348-dir/mk1/wspolbiezne/lista1                                                                      
Authentication realm: <https://repo.cs.pwr.edu.pl:443> Subversion Repository            
Password for '272348': ***                  

A    lista1                                 
A    lista1/ada                             
A    lista1/ada/tasks                       
A    lista1/out1                            
A    lista1/ada/tasks/out                   
A    lista1/ada/tasks/out1                  
A    lista1/out1/out13                      
A    lista1/ada/tasks/out2                  
A    lista1/ada/tasks/out4                  
A    lista1/ada/tasks/random_seeds.adb      
A    lista1/ada/tasks/random_seeds.ads      
A    lista1/ada/tasks/random_seeds.ali      
A    lista1/ada/tasks/tasks.adb             
A    lista1/ada/tasks/tasks.gpr             
A    lista1/ada/tasks/tasks2.adb            
A    lista1/ada/tasks/tasks3.adb            
A    lista1/zad1.log                        
A    lista1/ada/tasks/tasks4.adb            
A    lista1/ada/tasks/tasks5.adb            
A    lista1/zad5.go                         
A    lista1/ada/tasks/tasks6.adb            
A    lista1/ada/tasks/tasks7.adb            
A    lista1/ada/tasks/travelers.adb         
A    lista1/ada/tasks/travelers.ali         
A    lista1/ada/tasks/zad2                  
A    lista1/ada/tasks/zad2.adb              
A    lista1/ada/tasks/zad2.ali              
A    lista1/ada/tasks/zad4                  
A    lista1/ada/tasks/zad4.adb              
A    lista1/ada/tasks/zad4.ali              
A    lista1/out1/out11                      
A    lista1/out1/out12                      
A    lista1/zad1.go                         
A    lista1/zad3.go                         
Exported revision 57.                       
piter@LAPTOP-EKHDG3UI:~/mk1-272348$ cd lista1/                                          
piter@LAPTOP-EKHDG3UI:~/mk1-272348/lista1$ ls                                           
ada  out1  zad1.go  zad1.log  zad3.go  zad5.go                                          
piter@LAPTOP-EKHDG3UI:~/mk1-272348/lista1$ go run zad3.go > out315                                                                                                               
piter@LAPTOP-EKHDG3UI:~/mk1-272348/lista1$ go run zad3.go > out330                      
piter@LAPTOP-EKHDG3UI:~/mk1-272348/lista1$ go run zad3.go > out350                      
piter@LAPTOP-EKHDG3UI:~/mk1-272348/lista1$ ls                                           
ada  out1  out315  out330  out350  zad1.go  zad1.log  zad3.go  zad5.go                  
piter@LAPTOP-EKHDG3UI:~/mk1-272348/lista1$ shasum out315                                
8e41afadc6956219d289f6112a1d9ad763228592  out315                                        
piter@LAPTOP-EKHDG3UI:~/mk1-272348/lista1$ shasum out330                                
88249d039c8a186562783d1fd12fbf271221d836  out330                                        
piter@LAPTOP-EKHDG3UI:~/mk1-272348/lista1$ shasum out350                                
04196d79c3eeb683f91bbfc1a7e8a66087316795  out350                                        
piter@LAPTOP-EKHDG3UI:~/mk1-272348/lista1$ mkdir out3                                   
piter@LAPTOP-EKHDG3UI:~/mk1-272348/lista1$ mv out315 out330 out350 out3                 
piter@LAPTOP-EKHDG3UI:~/mk1-272348/lista1$ svn import out3 https://repo.cs.pwr.edu.pl/272348-dir/mk1/wspolbiezne/lista1/out3                                                     

Log message unchanged or not specified      
(a)bort, (c)ontinue, (e)dit:                
c                                           
Authentication realm: <https://repo.cs.pwr.edu.pl:443> Subversion Repository            
Password for '272348': ***                  

Adding         out3/out315                  
Adding         out3/out330                  
Adding         out3/out350                  
Committing transaction...                   
Committed revision 58.                      
piter@LAPTOP-EKHDG3UI:~/mk1-272348/lista1$ ls                                           
ada  out1  out3  zad1.go  zad1.log  zad3.go  zad5.go                                                                   
piter@LAPTOP-EKHDG3UI:~/mk1-272348/lista1$ ls                                           
ada  zad1.go  zad3.go  zad5.go              
piter@LAPTOP-EKHDG3UI:~/mk1-272348/lista1$ go run zad5.go > out51                                                                                                                
piter@LAPTOP-EKHDG3UI:~/mk1-272348/lista1$ go run zad5.go > out52                       
piter@LAPTOP-EKHDG3UI:~/mk1-272348/lista1$ mv out51 out52 out5                          
piter@LAPTOP-EKHDG3UI:~/mk1-272348/lista1$ ls                                           
ada  out5  zad1.go  zad3.go  zad5.go        
piter@LAPTOP-EKHDG3UI:~/mk1-272348/lista1$ shasum out5/out51                            
731ba7aae0ca1aa7743dd062ad4257b226f93947  out5/out51                                    
piter@LAPTOP-EKHDG3UI:~/mk1-272348/lista1$ shasum out5/out52                            
0f2a5fce214c3135bd1cf5fcf3b14e52da89ac43  out5/out52                                    
piter@LAPTOP-EKHDG3UI:~/mk1-272348/lista1$ svn import out5 https://repo.cs.pwr.edu.pl/272348-dir/mk1/wspolbiezne/lista1/out5                                                     

Log message unchanged or not specified      
(a)bort, (c)ontinue, (e)dit:                
c                                           
Authentication realm: <https://repo.cs.pwr.edu.pl:443> Subversion Repository            
Password for '272348': ***                  

Adding         out5/out51                   
Adding         out5/out52                   
Committing transaction...                   
Committed revision 59.                      
piter@LAPTOP-EKHDG3UI:~/mk1-272348/lista1$ tmux capture-pane -p -S'-' -E'-' -J > zad35.log                                                                                       

